<?xml version="1.0" encoding="UTF-8"?>
<testsuite xmlns:xsi="http://www.w3.org/2001/XMLSchema-instance" xsi:schemaLocation="https://maven.apache.org/surefire/maven-surefire-plugin/xsd/surefire-test-report.xsd" name="TestSuite" time="6.389" tests="5" errors="0" skipped="3" failures="2">
  <properties>
[...]
</properties>
  <testcase name="setUp" classname="com.example.tests.WebTestFile" time="5.696">
    <failure message="Could not start a new session. Possible causes are invalid address of the remote server or browser start-up failure.&#10;Build info: version: &apos;2.45.0&apos;, revision: &apos;5017cb8e7ca8e37638dc3091b2440b90a1d8686f&apos;, time: &apos;2015-02-27 09:10:26&apos;&#10;System info: host: &apos;PACD-516P19N-D&apos;, ip: &apos;169.254.70.110&apos;, os.name: &apos;Windows 7&apos;, os.arch: &apos;amd64&apos;, os.version: &apos;6.1&apos;, java.version: &apos;1.8.0_101&apos;&#10;Driver info: driver.version: RemoteWebDriver" type="org.openqa.selenium.remote.UnreachableBrowserException">org.openqa.selenium.remote.UnreachableBrowserException: 
Could not start a new session. Possible causes are invalid address of the remote server or browser start-up failure.
Build info: version: '2.45.0', revision: '5017cb8e7ca8e37638dc3091b2440b90a1d8686f', time: '2015-02-27 09:10:26'
System info: host: 'PACD-516P19N-D', ip: '169.254.70.110', os.name: 'Windows 7', os.arch: 'amd64', os.version: '6.1', java.version: '1.8.0_101'
Driver info: driver.version: RemoteWebDriver
	at com.example.tests.WebTestFile.setUp(WebTestFile.java:34)
Caused by: java.net.UnknownHostException: selenium-hub
	at com.example.tests.WebTestFile.setUp(WebTestFile.java:34)
</failure>
  </testcase>
  <testcase name="testAddAlgebra" classname="com.example.tests.WebTestFile" time="0">
    <skipped/>
  </testcase>
  <testcase name="testAddWebDev" classname="com.example.tests.WebTestFile" time="0">
    <skipped/>
  </testcase>
  <testcase name="testLink" classname="com.example.tests.WebTestFile" time="0">
    <skipped/>
  </testcase>
  <testcase name="tearDown" classname="com.example.tests.WebTestFile" time="0.002">
    <failure type="java.lang.NullPointerException">java.lang.NullPointerException
	at com.example.tests.WebTestFile.tearDown(WebTestFile.java:79)
</failure>
  </testcase>
</testsuite>